<?xml version="1.0" encoding="UTF-8"?>
<testng-results ignored="0" total="1" passed="1" failed="0" skipped="0">
  <reporter-output>
  </reporter-output>
  <suite started-at="2023-09-11T14:34:11 IST" name="Default suite" finished-at="2023-09-11T14:34:17 IST" duration-ms="6334">
    <groups>
    </groups>
    <test started-at="2023-09-11T14:34:11 IST" name="Default test" finished-at="2023-09-11T14:34:17 IST" duration-ms="6334">
      <class name="com.Jenkins.logs.LogAssertGoogle">
        <test-method is-config="true" signature="beforeMethod()[pri:0, instance:com.Jenkins.logs.LogAssertGoogle@563f38c4]" started-at="2023-09-11T14:34:11 IST" name="beforeMethod" finished-at="2023-09-11T14:34:17 IST" duration-ms="6073" status="PASS">
          <reporter-output>
          </reporter-output>
        </test-method> <!-- beforeMethod -->
        <test-method signature="f()[pri:0, instance:com.Jenkins.logs.LogAssertGoogle@563f38c4]" started-at="2023-09-11T14:34:17 IST" name="f" finished-at="2023-09-11T14:34:17 IST" duration-ms="24" status="PASS">
          <reporter-output>
          </reporter-output>
        </test-method> <!-- f -->
        <test-method is-config="true" signature="afterMethod()[pri:0, instance:com.Jenkins.logs.LogAssertGoogle@563f38c4]" started-at="2023-09-11T14:34:17 IST" name="afterMethod" finished-at="2023-09-11T14:34:17 IST" duration-ms="186" status="PASS">
          <reporter-output>
          </reporter-output>
        </test-method> <!-- afterMethod -->
      </class> <!-- com.Jenkins.logs.LogAssertGoogle -->
    </test> <!-- Default test -->
  </suite> <!-- Default suite -->
</testng-results>
